----------------------------------------------------------------
2011-03-04 02:58:48.672 GMT:
 Booting Derby version The Apache Software Foundation - Apache Derby - 10.5.3.0 - (802917): instance a816c00e-012e-7ecd-9f93-000003175390
on database directory /src/git/seam/jcr/impl/target/version/db  

Database Class Loader started - derby.database.classpath=''
----------------------------------------------------------------
2011-03-04 02:59:02.275 GMT:
 Booting Derby version The Apache Software Foundation - Apache Derby - 10.5.3.0 - (802917): instance 9a4840c2-012e-7ecd-9f93-000003175390
on database directory /src/git/seam/jcr/impl/target/workspaces/default/db  

Database Class Loader started - derby.database.classpath=''
----------------------------------------------------------------
2011-03-04 02:59:16.311 GMT:
 Booting Derby version The Apache Software Foundation - Apache Derby - 10.5.3.0 - (802917): instance 2a754187-012e-7ecd-9f93-000003175390
on database directory /src/git/seam/jcr/impl/target/workspaces/security/db  

Database Class Loader started - derby.database.classpath=''

2011-03-04 02:59:30.407 GMT:
Shutting down instance 9a4840c2-012e-7ecd-9f93-000003175390
----------------------------------------------------------------

2011-03-04 02:59:31.583 GMT:
Shutting down instance 2a754187-012e-7ecd-9f93-000003175390
----------------------------------------------------------------

2011-03-04 02:59:32.573 GMT:
Shutting down instance a816c00e-012e-7ecd-9f93-000003175390
----------------------------------------------------------------
----------------------------------------------------------------
2011-03-04 02:59:32.912 GMT:
 Booting Derby version The Apache Software Foundation - Apache Derby - 10.5.3.0 - (802917): instance b0130259-012e-7ecd-9f93-000003175390
on database directory /src/git/seam/jcr/impl/target/version/db  

Database Class Loader started - derby.database.classpath=''
----------------------------------------------------------------
2011-03-04 02:59:33.312 GMT:
 Booting Derby version The Apache Software Foundation - Apache Derby - 10.5.3.0 - (802917): instance 7bff826d-012e-7ecd-9f93-000003175390
on database directory /src/git/seam/jcr/impl/target/workspaces/default/db  

Database Class Loader started - derby.database.classpath=''
----------------------------------------------------------------
2011-03-04 02:59:34.389 GMT:
 Booting Derby version The Apache Software Foundation - Apache Derby - 10.5.3.0 - (802917): instance 50f04282-012e-7ecd-9f93-000003175390
on database directory /src/git/seam/jcr/impl/target/workspaces/security/db  

Database Class Loader started - derby.database.classpath=''

2011-03-04 02:59:34.859 GMT:
Shutting down instance 7bff826d-012e-7ecd-9f93-000003175390
----------------------------------------------------------------

2011-03-04 02:59:34.981 GMT:
Shutting down instance 50f04282-012e-7ecd-9f93-000003175390
----------------------------------------------------------------

2011-03-04 02:59:35.093 GMT:
Shutting down instance b0130259-012e-7ecd-9f93-000003175390
----------------------------------------------------------------
----------------------------------------------------------------
2011-03-04 02:59:35.777 GMT:
 Booting Derby version The Apache Software Foundation - Apache Derby - 10.5.3.0 - (802917): instance 8ef50298-012e-7ecd-9f93-000003175390
on database directory /src/git/seam/jcr/impl/target/version/db  

Database Class Loader started - derby.database.classpath=''
----------------------------------------------------------------
2011-03-04 02:59:36.132 GMT:
 Booting Derby version The Apache Software Foundation - Apache Derby - 10.5.3.0 - (802917): instance 7c1c82ac-012e-7ecd-9f93-000003175390
on database directory /src/git/seam/jcr/impl/target/workspaces/default/db  

Database Class Loader started - derby.database.classpath=''
----------------------------------------------------------------
2011-03-04 02:59:36.754 GMT:
 Booting Derby version The Apache Software Foundation - Apache Derby - 10.5.3.0 - (802917): instance 725802c1-012e-7ecd-9f93-000003175390
on database directory /src/git/seam/jcr/impl/target/workspaces/security/db  

Database Class Loader started - derby.database.classpath=''

2011-03-04 02:59:37.369 GMT:
Shutting down instance 7c1c82ac-012e-7ecd-9f93-000003175390
----------------------------------------------------------------

2011-03-04 02:59:37.513 GMT:
Shutting down instance 725802c1-012e-7ecd-9f93-000003175390
----------------------------------------------------------------

2011-03-04 02:59:37.614 GMT:
Shutting down instance 8ef50298-012e-7ecd-9f93-000003175390
----------------------------------------------------------------
